Using pre-set license
Built from '2020.3/staging' branch; Version is '2020.3.4f1 (0abb6314276a) revision 703331'; Using compiler version '192528614'; Build Type 'Release'
OS: 'Windows 10 Home; OS build 19041.928; Version 2004; 64bit' Language: 'en' Physical Memory: 3522 MB
BatchMode: 1, IsHumanControllingUs: 0, StartBugReporterOnCrash: 0, Is64bit: 1, IsPro: 0

 COMMAND LINE ARGUMENTS:
C:\Program Files\Unity\Hub\Editor\2020.3.4f1\Editor\Unity.exe
-adb2
-batchMode
-noUpm
-name
AssetImportWorker0
-projectPath
C:/Users/ender/Documents/GitHub/DogeGame/Unity Files/DogeLore TCG
-logFile
Logs/AssetImportWorker0.log
-srvPort
63752
Successfully changed project path to: C:/Users/ender/Documents/GitHub/DogeGame/Unity Files/DogeLore TCG
C:/Users/ender/Documents/GitHub/DogeGame/Unity Files/DogeLore TCG
Using Asset Import Pipeline V2.
Refreshing native plugins compatible for Editor in 118.88 ms, found 1 plugins.
Preloading 0 native plugins for Editor in 0.00 ms.
Initialize engine version: 2020.3.4f1 (0abb6314276a)
[Subsystems] Discovering subsystems at path C:/Program Files/Unity/Hub/Editor/2020.3.4f1/Editor/Data/Resources/UnitySubsystems
[Subsystems] Discovering subsystems at path C:/Users/ender/Documents/GitHub/DogeGame/Unity Files/DogeLore TCG/Assets
GfxDevice: creating device client; threaded=0
Direct3D:
    Version:  Direct3D 11.0 [level 11.1]
    Renderer: AMD Radeon(TM) Vega 3 Graphics (ID=0x15d8)
    Vendor:   
    VRAM:     1761 MB
    Driver:   27.20.1028.1
Initialize mono
Mono path[0] = 'C:/Program Files/Unity/Hub/Editor/2020.3.4f1/Editor/Data/Managed'
Mono path[1] = 'C:/Program Files/Unity/Hub/Editor/2020.3.4f1/Editor/Data/MonoBleedingEdge/lib/mono/unityjit'
Mono config path = 'C:/Program Files/Unity/Hub/Editor/2020.3.4f1/Editor/Data/MonoBleedingEdge/etc'
Using monoOptions --debugger-agent=transport=dt_socket,embedding=1,server=y,suspend=n,address=127.0.0.1:56216
Begin MonoManager ReloadAssembly
Registering precompiled unity dll's ...
Register platform support module: C:/Program Files/Unity/Hub/Editor/2020.3.4f1/Editor/Data/PlaybackEngines/WindowsStandaloneSupport/UnityEditor.WindowsStandalone.Extensions.dll
Registered in 0.007170 seconds.
Native extension for WindowsStandalone target not found
Refreshing native plugins compatible for Editor in 160.61 ms, found 1 plugins.
Preloading 0 native plugins for Editor in 0.00 ms.
Mono: successfully reloaded assembly
- Completed reload, in 10.855 seconds
Platform modules already initialized, skipping
Registering precompiled user dll's ...
Registered in 0.003658 seconds.
Begin MonoManager ReloadAssembly
Native extension for WindowsStandalone target not found
Refreshing native plugins compatible for Editor in 61.72 ms, found 1 plugins.
Preloading 0 native plugins for Editor in 0.00 ms.
Mono: successfully reloaded assembly
- Completed reload, in  2.389 seconds
Platform modules already initialized, skipping
========================================================================
Worker process is ready to serve import requests
Launched and connected shader compiler UnityShaderCompiler.exe after 0.13 seconds
Refreshing native plugins compatible for Editor in 1.00 ms, found 1 plugins.
Preloading 0 native plugins for Editor in 0.00 ms.
Unloading 1824 Unused Serialized files (Serialized files now loaded: 0)
System memory in use before: 87.0 MB.
System memory in use after: 87.1 MB.

Unloading 19 unused Assets to reduce memory usage. Loaded Objects now: 2273.
Total: 19.082400 ms (FindLiveObjects: 0.505800 ms CreateObjectMapping: 0.119500 ms MarkObjects: 17.021500 ms  DeleteObjects: 1.431600 ms)

========================================================================
Received Import Request.
  path: Assets/Sprites/Regular_Doge.png
  artifactKey: Guid(166ce9bbecd2e494b9d1c4ec2bd822cf) Importer(815301076,1909f56bfc062723c751e8b465ee728b)
Start importing Assets/Sprites/Regular_Doge.png using Guid(166ce9bbecd2e494b9d1c4ec2bd822cf) Importer(815301076,1909f56bfc062723c751e8b465ee728b)  -> (artifact id: '0634db2b165f2bd8d7e28ac997dee046') in 0.239393 seconds
  Import took 0.247210 seconds .

========================================================================
Received Import Request.
  Time since last request: 4.777553 seconds.
  path: Assets/Sprites/Placeholder.png
  artifactKey: Guid(166ce9bbecd2e494b9d1c4ec2bd822cf) Importer(815301076,1909f56bfc062723c751e8b465ee728b)
Start importing Assets/Sprites/Placeholder.png using Guid(166ce9bbecd2e494b9d1c4ec2bd822cf) Importer(815301076,1909f56bfc062723c751e8b465ee728b)  -> (artifact id: '97f9b7972992717ff6e8aedbf8346f72') in 0.077947 seconds
  Import took 0.083866 seconds .

AssetImportWorkerClient::OnTransportError - code=2 error=End of file
