Using pre-set license

 COMMAND LINE ARGUMENTS:
/Applications/Unity/Hub/Editor/2020.2.1f1/Unity.app/Contents/MacOS/Unity
-adb2
-batchMode
-noUpm
-name
AssetImportWorker0
-projectPath
/Users/ty/Desktop/Unity Projects/DogeLore TCG
-logFile
Logs/AssetImportWorker0.log
-srvPort
52733
Successfully changed project path to: /Users/ty/Desktop/Unity Projects/DogeLore TCG
/Users/ty/Desktop/Unity Projects/DogeLore TCG
Using Asset Import Pipeline V2.
Refreshing native plugins compatible for Editor in 64.11 ms, found 2 plugins.
Preloading 0 native plugins for Editor in 0.00 ms.
Initialize engine version: 2020.2.1f1 (270dd8c3da1c)
[Subsystems] Discovering subsystems at path /Applications/Unity/Hub/Editor/2020.2.1f1/Unity.app/Contents/Resources/UnitySubsystems
[Subsystems] Discovering subsystems at path /Users/ty/Desktop/Unity Projects/DogeLore TCG/Assets
GfxDevice: creating device client; threaded=0
2021-02-21 05:15:57.942 Unity[49124:1499866] Color LCD preferred device: Intel(R) Iris(TM) Graphics 550 (low power)
2021-02-21 05:15:57.942 Unity[49124:1499866] Metal devices available: 1
2021-02-21 05:15:57.942 Unity[49124:1499866] 0: Intel(R) Iris(TM) Graphics 550 (low power)
2021-02-21 05:15:57.943 Unity[49124:1499866] Using device Intel(R) Iris(TM) Graphics 550 (low power)
Initializing Metal device caps: Intel(R) Iris(TM) Graphics 550
Initialize mono
Mono path[0] = '/Applications/Unity/Hub/Editor/2020.2.1f1/Unity.app/Contents/Managed'
Mono path[1] = '/Applications/Unity/Hub/Editor/2020.2.1f1/Unity.app/Contents/MonoBleedingEdge/lib/mono/unityjit'
Mono config path = '/Applications/Unity/Hub/Editor/2020.2.1f1/Unity.app/Contents/MonoBleedingEdge/etc'
Using monoOptions --debugger-agent=transport=dt_socket,embedding=1,server=y,suspend=n,address=127.0.0.1:56124
Begin MonoManager ReloadAssembly
Registering precompiled unity dll's ...
Register platform support module: /Applications/Unity/Hub/Editor/2020.2.1f1/Unity.app/Contents/PlaybackEngines/MacStandaloneSupport/UnityEditor.OSXStandalone.Extensions.dll
Register platform support module: /Applications/Unity/Hub/Editor/2020.2.1f1/PlaybackEngines/WindowsStandaloneSupport/UnityEditor.WindowsStandalone.Extensions.dll
Registered in 0.002645 seconds.
Native extension for WindowsStandalone target not found
Native extension for OSXStandalone target not found
Refreshing native plugins compatible for Editor in 57.02 ms, found 2 plugins.
Preloading 0 native plugins for Editor in 0.00 ms.
Invoked RoslynAnalysisRunner static constructor.
RoslynAnalysisRunner will not be running.
RoslynAnalysisRunner has terminated.
Mono: successfully reloaded assembly
- Completed reload, in  3.984 seconds
Platform modules already initialized, skipping
Registering precompiled user dll's ...
Registered in 0.001931 seconds.
Begin MonoManager ReloadAssembly
Native extension for WindowsStandalone target not found
Native extension for OSXStandalone target not found
Refreshing native plugins compatible for Editor in 51.94 ms, found 2 plugins.
Preloading 0 native plugins for Editor in 0.00 ms.
Invoked RoslynAnalysisRunner static constructor.
RoslynAnalysisRunner will not be running.
RoslynAnalysisRunner has terminated.
Mono: successfully reloaded assembly
- Completed reload, in  1.529 seconds
Platform modules already initialized, skipping
========================================================================
Worker process is ready to serve import requests
Launching external process: /Applications/Unity/Hub/Editor/2020.2.1f1/Unity.app/Contents/Tools/UnityShaderCompiler
Launched and connected shader compiler UnityShaderCompiler after 0.03 seconds
Refreshing native plugins compatible for Editor in 0.41 ms, found 2 plugins.
Preloading 0 native plugins for Editor in 0.00 ms.
Unloading 1786 Unused Serialized files (Serialized files now loaded: 0)
System memory in use before: 145.8 MB.
System memory in use after: 145.8 MB.

Unloading 19 unused Assets to reduce memory usage. Loaded Objects now: 2231.
Total: 5.295949 ms (FindLiveObjects: 0.635291 ms CreateObjectMapping: 0.120728 ms MarkObjects: 4.197539 ms  DeleteObjects: 0.340803 ms)

========================================================================
Received Import Request.
  path: Assets/Cards/Cheems.asset
  artifactKey: Guid(426cd0c2939c949638751050c0822e08) Importer(815301076,1909f56bfc062723c751e8b465ee728b)
Start importing Assets/Cards/Cheems.asset using Guid(426cd0c2939c949638751050c0822e08) Importer(815301076,1909f56bfc062723c751e8b465ee728b)  -> (artifact id: 'f7e6d0f5053dd30fc678c023b563e85b') in 3.436268 seconds
  Import took 3.445617 seconds .

========================================================================
Received Prepare
Registering precompiled user dll's ...
Registered in 0.001995 seconds.
Begin MonoManager ReloadAssembly
Native extension for WindowsStandalone target not found
Native extension for OSXStandalone target not found
Refreshing native plugins compatible for Editor in 0.67 ms, found 2 plugins.
Preloading 0 native plugins for Editor in 0.00 ms.
Invoked RoslynAnalysisRunner static constructor.
RoslynAnalysisRunner will not be running.
RoslynAnalysisRunner has terminated.
Mono: successfully reloaded assembly
- Completed reload, in  1.776 seconds
Platform modules already initialized, skipping
Refreshing native plugins compatible for Editor in 0.76 ms, found 2 plugins.
Preloading 0 native plugins for Editor in 0.00 ms.
Unloading 1763 Unused Serialized files (Serialized files now loaded: 0)
System memory in use before: 149.0 MB.
System memory in use after: 149.1 MB.

Unloading 8 unused Assets to reduce memory usage. Loaded Objects now: 2233.
Total: 3.229089 ms (FindLiveObjects: 0.321960 ms CreateObjectMapping: 0.098293 ms MarkObjects: 2.783470 ms  DeleteObjects: 0.024007 ms)

========================================================================
Received Prepare
Registering precompiled user dll's ...
Registered in 0.001814 seconds.
Begin MonoManager ReloadAssembly
Native extension for WindowsStandalone target not found
Native extension for OSXStandalone target not found
Refreshing native plugins compatible for Editor in 0.43 ms, found 2 plugins.
Preloading 0 native plugins for Editor in 0.00 ms.
Invoked RoslynAnalysisRunner static constructor.
RoslynAnalysisRunner will not be running.
RoslynAnalysisRunner has terminated.
Mono: successfully reloaded assembly
- Completed reload, in  1.716 seconds
Platform modules already initialized, skipping
Refreshing native plugins compatible for Editor in 0.54 ms, found 2 plugins.
Preloading 0 native plugins for Editor in 0.00 ms.
Unloading 1763 Unused Serialized files (Serialized files now loaded: 0)
System memory in use before: 149.6 MB.
System memory in use after: 149.7 MB.

Unloading 8 unused Assets to reduce memory usage. Loaded Objects now: 2235.
Total: 3.124143 ms (FindLiveObjects: 0.275140 ms CreateObjectMapping: 0.085191 ms MarkObjects: 2.742770 ms  DeleteObjects: 0.019222 ms)

AssetImportWorkerClient::OnTransportError - code=2 error=End of file
